<?xml version="1.0" encoding="UTF-8"?>
<!-- Generated by org.testng.reporters.JUnitReportReporter -->
<testsuite hostname="DESKTOP-838J0I7" failures="0" tests="1" name="com.nature.testcases.DeleteItemTest" time="32.545" errors="0" timestamp="2022-08-18T12:55:53 CEST" skipped="0">
  <testcase classname="com.nature.testcases.DeleteItemTest" name="VerifyDeleteAction" time="32.545"/>
  <system-out/>
</testsuite> <!-- com.nature.testcases.DeleteItemTest -->
