<?xml version="1.0" encoding="UTF-8"?>
<!-- Generated by org.testng.reporters.JUnitReportReporter -->
<testsuite hostname="DESKTOP-838J0I7" failures="0" tests="1" name="com.nature.testcases.HomePageTest" time="54.441" errors="0" timestamp="2022-08-17T16:53:20 CEST" skipped="0">
  <testcase classname="com.nature.testcases.HomePageTest" name="VerifyAddProductToCart" time="54.441"/>
  <system-out/>
</testsuite> <!-- com.nature.testcases.HomePageTest -->
