<?xml version="1.0" encoding="UTF-8"?>
<!-- Generated by org.testng.reporters.JUnitReportReporter -->
<testsuite hostname="DESKTOP-838J0I7" failures="0" tests="2" name="com.nature.testcases.LoginPageTest" time="18.556" errors="0" timestamp="2022-08-17T16:53:20 CEST" skipped="0">
  <testcase classname="com.nature.testcases.LoginPageTest" name="VerifyPageTitle" time="8.330"/>
  <system-out/>
  <testcase classname="com.nature.testcases.LoginPageTest" name="LoginVerification" time="10.226"/>
  <system-out/>
</testsuite> <!-- com.nature.testcases.LoginPageTest -->
